<?xml version="1.0" encoding="UTF-8"?>
<!-- Generated by org.testng.reporters.JUnitXMLReporter -->
<testsuite ignored="0" hostname="sami77" failures="0" tests="3" name="Chrome_Browser" time="15.847" errors="0" timestamp="2025-10-01T20:22:35 IST">
  <testcase classname="com.tekpyramid.vtiger.organizations.Organizations" name="createOrg" time="0.011"/>
  <testcase classname="com.tekpyramid.vtiger.organizations.Organizations" name="createOrgWithPhno" time="0.003"/>
  <testcase classname="com.tekpyramid.vtiger.organizations.Organizations" name="createOrgwithIndustry" time="0.005"/>
</testsuite> <!-- Chrome_Browser -->
