<?xml version="1.0" encoding="UTF-8"?>
<!-- Generated by org.testng.reporters.JUnitXMLReporter -->
<testsuite ignored="0" hostname="sami77" failures="0" tests="3" name="FireFox_Browser" time="21.084" errors="0" timestamp="2025-10-01T20:22:40 IST">
  <testcase classname="com.tekpyramid.vtiger.contacts.Contacts" name="createContact" time="0.003"/>
  <testcase classname="com.tekpyramid.vtiger.contacts.Contacts" name="createContactWithOrg" time="0.003"/>
  <testcase classname="com.tekpyramid.vtiger.contacts.Contacts" name="createContactWithSupportDate" time="0.011"/>
</testsuite> <!-- FireFox_Browser -->
