<?xml version="1.0" encoding="UTF-8"?>
<!-- Generated by org.testng.reporters.JUnitXMLReporter -->
<testsuite ignored="0" hostname="sami77" failures="0" tests="3" name="Test_Runner_2" time="15.807" errors="0" timestamp="2025-10-01T19:46:51 IST">
  <testcase classname="com.tekpyramid.vtiger.contacts.Contacts" name="createContact" time="0.0"/>
  <testcase classname="com.tekpyramid.vtiger.contacts.Contacts" name="createContactWithOrg" time="0.006"/>
  <testcase classname="com.tekpyramid.vtiger.contacts.Contacts" name="createContactWithSupportDate" time="0.008"/>
</testsuite> <!-- Test_Runner_2 -->
