<?xml version="1.0" encoding="UTF-8"?>
<!-- Generated by org.testng.reporters.JUnitXMLReporter -->
<testsuite ignored="0" hostname="sami77" failures="0" tests="3" name="Test_Runner_1" time="15.968" errors="0" timestamp="2025-10-01T19:46:51 IST">
  <testcase classname="com.tekpyramid.vtiger.organizations.Organizations" name="createOrg" time="0.017"/>
  <testcase classname="com.tekpyramid.vtiger.organizations.Organizations" name="createOrgWithPhno" time="0.006"/>
  <testcase classname="com.tekpyramid.vtiger.organizations.Organizations" name="createOrgwithIndustry" time="0.004"/>
</testsuite> <!-- Test_Runner_1 -->
