<?xml version="1.0" encoding="UTF-8"?>
<!-- Generated by org.testng.reporters.JUnitXMLReporter -->
<testsuite ignored="2" hostname="sami77" failures="0" tests="6" name="Test" time="28.821" errors="0" timestamp="2025-10-01T19:43:30 IST">
  <testcase classname="com.tekpyramid.vtiger.organizations.Organizations" name="createOrg" time="0.014"/>
  <testcase classname="com.tekpyramid.vtiger.organizations.Organizations" name="createOrgWithPhno" time="0.004"/>
  <testcase classname="com.tekpyramid.vtiger.organizations.Organizations" name="createOrgwithIndustry" time="0.0"/>
  <testcase classname="com.tekpyramid.vtiger.contacts.Contacts" name="createContact" time="0.003"/>
  <testcase classname="com.tekpyramid.vtiger.contacts.Contacts" name="createContactWithOrg" time="0.002"/>
  <testcase classname="com.tekpyramid.vtiger.contacts.Contacts" name="createContactWithSupportDate" time="0.008"/>
  <testcase classname="com.tekpyramid.vtiger.generic.baseclass.BaseClass" name="@AfterSuite closeDBConnection" time="0.0">
    <ignored/>
  </testcase> <!-- @AfterSuite closeDBConnection -->
  <testcase classname="com.tekpyramid.vtiger.generic.baseclass.BaseClass" name="@BeforeSuite ConnectToDB_2" time="0.0">
    <ignored/>
  </testcase> <!-- @BeforeSuite ConnectToDB_2 -->
</testsuite> <!-- Test -->
